12340000
0
12340001
0
12340002
0
12340003
0
12340004
0
12340005
0
12340006
0
12340007
0
12340008
0
12340009
0
12340010
0
12340011
0
12340012
0
12340013
0
12340014
0
12340015
0
12340016
0
12340017
0
12340018
0
12340019
0
12340020
0
12340021
0
12340022
0
12340023
0
12340024
0
12340025
0
12340026
0
12340027
0
12340028
0
12340029
0
12340030
0
12340031
0
12340032
0
12340033
0
12340034
0
12340035
0
12340036
0
12340037
0
12340038
0
12340039
0
12340040
0
12340041
0
12340042
0
12340043
0
12340044
0
12340045
0
12340046
0
12340047
0
12340048
0
12340049
0
12340050
0
12340051
0
12340052
0
12340053
0
12340054
0
12340055
0
12340056
0
12340057
0
12340058
0
12340059
0
12340060
0
12340061
0
12340062
0
12340063
0
12340064
0
12340065
0
12340066
0
12340067
0
12340068
0
12340069
0
12340070
0
12340071
0
12340072
0
12340073
0
12340074
0
12340075
0
12340076
0
12340077
0
12340078
0
12340079
0
12340080
0
12340081
0
12340082
0
12340083
0
12340084
0
12340085
0
12340086
0
12340087
0
12340088
0
12340089
0
12340090
0
12340091
0
12340092
0
12340093
0
12340094
0
12340095
0
12340096
0
12340097
0
12340098
0
12340099
0
12340100
0
12340101
0
12340102
0
12340103
0
12340104
1
12340105
1
12340106
0
12340107
0
12340108
0
12340109
0
12340110
0
12340111
0
12340112
0
12340113
0
12340114
0
12340115
0
12340116
1
12340117
1
12340118
0
12340119
0
12340120
0
12340121
0
12340122
0
12340123
0
12340124
0
12340125
0
12340126
0
12340127
0
12340128
0
12340129
0
12340130
0
12340131
0
12340132
0
12340133
0
12340134
0
12340135
0
12340136
0
12340137
0
12340138
0
12340139
0
12340140
0
12340141
0
12340142
0
12340143
0
12340144
0
12340145
0
12340146
0
12340147
0
12340148
0
12340149
0
12340150
0
12340151
0
12340152
0
12340153
0
12340154
0
12340155
0
12340156
0
12340157
0
12340158
0
12340159
0
12340160
0
12340161
0
12340162
0
12340163
0
12340164
0
12340165
0
12340166
0
12340167
0
12340168
0
12340169
0
12340170
0
12340171
0
12340172
0
12340173
0
12340174
0
12340175
0
12340176
0
12340177
0
12340178
0
12340179
0
12340180
0
12340181
0
12340182
0
12340183
0
12340184
0
12340185
0
12340186
0
12340187
0
12340188
0
12340189
0
12340190
0
12340191
0
12340192
0
12340193
0
12340194
0
12340195
0
12340196
0
12340197
0
12340198
0
12340199
0
12340200
0
12340201
0
12340202
0
12340203
0
12340204
0
12340205
0
12340206
0
12340207
0
12340208
0
12340209
0
12340210
0
12340211
0
12340212
0
12340213
0
12340214
0
12340215
0
12340216
0
12340217
0
12340218
0
12340219
0
12340220
0
12340221
0
12340222
0
12340223
0
12340224
0
12340225
0
12340226
0
12340227
0
12340228
0
12340229
0
12340230
0
12340231
0
12340232
0
12340233
0
12340234
0
12340235
0
12340236
0
12340237
0
12340238
0
12340239
0
12340240
0
12340241
0
12340242
0
12340243
0
12340244
0
12340245
0
12340246
0
12340247
0
12340248
0
12340249
0
12340250
0
12340251
0
12340252
0
12340253
0
12340254
0
12340255
0
12340256
0
12340257
0
12340258
0
12340259
0
12340260
0
12340261
0
12340262
0
12340263
0
12340264
0
12340265
0
12340266
0
12340267
0
12340268
0
12340269
0
12340270
0
12340271
0
12340272
0
12340273
0
12340274
0
12340275
0
12340276
0
12340277
0
12340278
0
12340279
0
12340280
0
12340281
0
12340282
0
12340283
0
12340284
0
12340285
0
12340286
0
12340287
0
12340288
0
12340289
0
12340290
0
12340291
0
12340292
0
12340293
0
12340294
0
12340295
0
12340296
0
12340297
0
12340298
0
12340299
0
12340300
0
12340301
0
12340302
0
12340303
0
12340304
0
12340305
0
12340306
0
12340307
0
12340308
0
12340309
0
12340310
0
12340311
0
12340312
0
12340313
0
12340314
0
12340315
0
12340316
0
12340317
0
12340318
0
12340319
0
12340320
0
12340321
0
12340322
0
12340323
0
12340324
0
12340325
0
12340326
0
12340327
0
12340328
0
12340329
0
12340330
0
12340331
0
12340332
0
12340333
0
12340334
0
12340335
0
12340336
0
12340337
0
