12340000
0
12340001
1
12340002
0
12340003
1
12340004
0
12340005
1
12340006
1
12340007
0
12340008
1
12340009
0
12340010
1
12340011
0
12340012
0
12340013
1
12340014
0
12340015
1
12340016
0
12340017
1
12340018
0
12340019
1
12340020
0
12340021
1
12340022
0
12340023
1
12340024
0
12340025
1
12340026
1
12340027
0
12340028
0
12340029
1
12340030
0
12340031
1
12340032
1
12340033
0
12340034
1
12340035
0
12340036
1
12340037
0
12340038
1
12340039
0
12340040
0
12340041
1
12340042
0
12340043
1
12340044
0
12340045
1
12340046
0
12340047
1
12340048
0
12340049
1
12340050
0
12340051
1
12340052
1
12340053
0
12340054
1
12340055
0
12340056
1
12340057
0
12340058
1
12340059
0
12340060
1
12340061
0
12340062
1
12340063
0
12340064
1
12340065
0
12340066
0
12340067
1
12340068
0
12340069
1
12340070
0
12340071
1
12340072
1
12340073
0
12340074
1
12340075
0
12340076
1
12340077
0
12340078
1
12340079
0
12340080
1
12340081
0
12340082
1
12340083
0
12340084
1
12340085
0
12340086
1
12340087
0
12340088
1
12340089
0
12340090
1
12340091
0
12340092
0
12340093
1
12340094
0
12340095
1
12340096
0
12340097
1
12340098
0
12340099
1
12340100
0
12340101
1
12340102
1
12340103
0
12340104
1
12340105
1
12340106
0
12340107
1
12340108
0
12340109
1
12340110
1
12340111
0
12340112
1
12340113
0
12340114
1
12340115
0
12340116
1
12340117
1
12340118
0
12340119
1
12340120
0
12340121
1
12340122
0
12340123
1
12340124
0
12340125
1
12340126
0
12340127
1
12340128
0
12340129
1
12340130
0
12340131
1
12340132
0
12340133
1
12340134
0
12340135
1
12340136
0
12340137
1
12340138
1
12340139
0
12340140
1
12340141
0
12340142
0
12340143
1
12340144
0
12340145
1
12340146
0
12340147
1
12340148
0
12340149
1
12340150
0
12340151
1
12340152
0
12340153
1
12340154
0
12340155
1
12340156
0
12340157
1
12340158
0
12340159
1
12340160
0
12340161
1
12340162
0
12340163
1
12340164
0
12340165
1
12340166
1
12340167
0
12340168
0
12340169
1
12340170
0
12340171
1
12340172
0
12340173
1
12340174
0
12340175
1
12340176
0
12340177
1
12340178
0
12340179
1
12340180
0
12340181
1
12340182
0
12340183
1
12340184
0
12340185
1
12340186
0
12340187
1
12340188
0
12340189
1
12340190
0
12340191
1
12340192
0
12340193
1
12340194
0
12340195
1
12340196
0
12340197
1
12340198
0
12340199
1
12340200
0
12340201
1
12340202
0
12340203
1
12340204
0
12340205
1
12340206
0
12340207
1
12340208
0
12340209
1
12340210
0
12340211
1
12340212
0
12340213
1
12340214
1
12340215
0
12340216
1
12340217
0
12340218
1
12340219
0
12340220
0
12340221
1
12340222
0
12340223
1
12340224
0
12340225
1
12340226
0
12340227
1
12340228
0
12340229
1
12340230
0
12340231
1
12340232
0
12340233
1
12340234
1
12340235
0
12340236
1
12340237
0
12340238
1
12340239
0
12340240
1
12340241
0
12340242
1
12340243
0
12340244
1
12340245
0
12340246
1
12340247
0
12340248
1
12340249
0
12340250
0
12340251
1
12340252
0
12340253
1
12340254
1
12340255
0
12340256
1
12340257
0
12340258
1
12340259
0
12340260
1
12340261
0
12340262
1
12340263
0
12340264
1
12340265
0
12340266
1
12340267
0
12340268
1
12340269
0
12340270
1
12340271
0
12340272
1
12340273
0
12340274
1
12340275
0
12340276
1
12340277
0
12340278
0
12340279
1
12340280
1
12340281
0
12340282
1
12340283
0
12340284
1
12340285
0
12340286
1
12340287
0
12340288
1
12340289
0
12340290
1
12340291
0
12340292
1
12340293
0
12340294
1
12340295
0
12340296
1
12340297
0
12340298
1
12340299
0
12340300
1
12340301
0
12340302
1
12340303
0
12340304
1
12340305
0
12340306
1
12340307
0
12340308
1
12340309
0
12340310
1
12340311
0
12340312
1
12340313
0
12340314
1
12340315
0
12340316
1
12340317
0
12340318
1
12340319
0
12340320
1
12340321
0
12340322
1
12340323
0
12340324
1
12340325
0
12340326
0
12340327
1
12340328
0
12340329
1
12340330
0
12340331
1
12340332
1
12340333
0
12340334
1
12340335
0
12340336
1
12340337
0
