12340000
0
12340001
1
12340002
0
12340003
1
12340004
0
12340005
1
12340006
1
12340007
0
12340008
1
12340009
0
12340010
1
12340011
0
12340012
0
12340013
1
12340014
1
12340015
0
12340016
0
12340017
1
12340018
0
12340019
1
12340020
1
12340021
0
12340022
1
12340023
0
12340024
1
12340025
0
12340026
1
12340027
0
12340028
0
12340029
0
12340030
0
12340031
1
12340032
0
12340033
1
12340034
1
12340035
0
12340036
1
12340037
0
12340038
1
12340039
0
12340040
0
12340041
0
12340042
0
12340043
1
12340044
0
12340045
1
12340046
0
12340047
1
12340048
0
12340049
1
12340050
1
12340051
0
12340052
1
12340053
0
12340054
0
12340055
1
12340056
0
12340057
1
12340058
0
12340059
1
12340060
0
12340061
1
12340062
0
12340063
1
12340064
0
12340065
1
12340066
1
12340067
0
12340068
0
12340069
1
12340070
0
12340071
1
12340072
0
12340073
1
12340074
0
12340075
1
12340076
0
12340077
1
12340078
0
12340079
1
12340080
0
12340081
1
12340082
0
12340083
1
12340084
0
12340085
1
12340086
0
12340087
1
12340088
0
12340089
1
12340090
1
12340091
0
12340092
1
12340093
0
12340094
1
12340095
0
12340096
0
12340097
1
