12340000
1
12340001
1
12340002
1
12340003
1
12340004
1
12340005
1
12340006
1
12340007
1
12340008
1
12340009
1
12340010
1
12340011
1
12340012
1
12340013
1
12340014
1
12340015
1
12340016
1
12340017
1
12340018
1
12340019
1
12340020
1
12340021
1
12340022
1
12340023
1
12340024
1
12340025
1
12340026
1
12340027
1
12340028
1
12340029
1
12340030
1
12340031
1
12340032
1
12340033
1
12340034
1
12340035
1
12340036
1
12340037
1
12340038
1
12340039
1
12340040
1
12340041
1
12340042
1
12340043
1
12340044
1
12340045
1
12340046
1
12340047
1
12340048
1
12340049
1
12340050
1
12340051
1
12340052
1
12340053
1
12340054
1
12340055
1
12340056
1
12340057
1
12340058
1
12340059
1
12340060
1
12340061
1
12340062
1
12340063
1
12340064
1
12340065
1
12340066
1
12340067
1
12340068
1
12340069
1
12340070
1
12340071
1
12340072
1
12340073
1
12340074
1
12340075
1
12340076
1
12340077
1
12340078
1
12340079
1
12340080
1
12340081
1
12340082
1
12340083
1
12340084
1
12340085
1
12340086
1
12340087
1
12340088
1
12340089
1
12340090
1
12340091
1
12340092
1
12340093
1
12340094
1
12340095
1
12340096
1
12340097
1
12340098
1
12340099
1
12340100
1
12340101
1
12340102
1
12340103
1
12340104
0
12340105
0
12340106
1
12340107
1
12340108
1
12340109
1
12340110
1
12340111
1
12340112
1
12340113
1
12340114
1
12340115
1
12340116
0
12340117
0
12340118
1
12340119
1
12340120
1
12340121
1
12340122
1
12340123
1
12340124
1
12340125
1
12340126
1
12340127
1
12340128
1
12340129
1
12340130
1
12340131
1
12340132
1
12340133
1
12340134
1
12340135
1
12340136
1
12340137
1
12340138
1
12340139
1
12340140
1
12340141
1
12340142
1
12340143
1
12340144
1
12340145
1
12340146
1
12340147
1
12340148
1
12340149
1
12340150
1
12340151
1
12340152
1
12340153
1
12340154
1
12340155
1
12340156
1
12340157
1
12340158
1
12340159
1
12340160
1
12340161
1
12340162
1
12340163
1
12340164
1
12340165
1
12340166
1
12340167
1
12340168
1
12340169
1
12340170
1
12340171
1
12340172
1
12340173
1
12340174
1
12340175
1
12340176
1
12340177
1
12340178
1
12340179
1
12340180
1
12340181
1
12340182
1
12340183
1
12340184
1
12340185
1
12340186
1
12340187
1
12340188
1
12340189
1
12340190
1
12340191
1
12340192
1
12340193
1
12340194
1
12340195
1
12340196
1
12340197
1
12340198
1
12340199
1
12340200
1
12340201
1
12340202
1
12340203
1
12340204
1
12340205
1
12340206
1
12340207
1
12340208
1
12340209
1
12340210
1
12340211
1
12340212
1
12340213
1
12340214
1
12340215
1
12340216
1
12340217
1
12340218
1
12340219
1
12340220
1
12340221
1
12340222
1
12340223
1
12340224
1
12340225
1
12340226
1
12340227
1
12340228
1
12340229
1
12340230
1
12340231
1
12340232
1
12340233
1
12340234
1
12340235
1
12340236
1
12340237
1
12340238
1
12340239
1
12340240
1
12340241
1
12340242
1
12340243
1
12340244
1
12340245
1
12340246
1
12340247
1
12340248
1
12340249
1
12340250
1
12340251
1
12340252
1
12340253
1
12340254
1
12340255
1
12340256
1
12340257
1
12340258
1
12340259
1
12340260
1
12340261
1
12340262
1
12340263
1
12340264
1
12340265
1
12340266
1
12340267
1
12340268
1
12340269
1
12340270
1
12340271
1
12340272
1
12340273
1
12340274
1
12340275
1
12340276
1
12340277
1
12340278
1
12340279
1
12340280
1
12340281
1
12340282
1
12340283
1
12340284
1
12340285
1
12340286
1
12340287
1
12340288
1
12340289
1
12340290
1
12340291
1
12340292
1
12340293
1
12340294
1
12340295
1
12340296
1
12340297
1
12340298
1
12340299
1
12340300
1
12340301
1
12340302
1
12340303
1
12340304
1
12340305
1
12340306
1
12340307
1
12340308
1
12340309
1
12340310
1
12340311
1
12340312
1
12340313
1
12340314
1
12340315
1
12340316
1
12340317
1
12340318
1
12340319
1
12340320
1
12340321
1
12340322
1
12340323
1
12340324
1
12340325
1
12340326
1
12340327
1
12340328
1
12340329
1
12340330
1
12340331
1
12340332
1
12340333
1
12340334
1
12340335
1
12340336
1
12340337
1
